2012/04/27 18:00:44 [error] [system.db.CDbCommand] CDbCommand::fetchColumn() failed: SQLSTATE[42S02]: Base table or view not found: 1146 Table 'iccu.authitem' doesn't exist. The SQL statement executed was: SELECT COUNT(*) FROM AuthItem.
in C:\xampp\htdocs\iccu\protected\modules\rights\components\RInstaller.php (180)
in C:\xampp\htdocs\iccu\protected\modules\rights\controllers\InstallController.php (43)
in C:\xampp\htdocs\iccu\index.php (13)
2012/04/27 18:00:50 [error] [system.db.CDbCommand] CDbCommand::fetchAll() failed: SQLSTATE[42S02]: Base table or view not found: 1146 Table 'iccu.authassignment' doesn't exist. The SQL statement executed was: SELECT *
FROM `AuthAssignment`
WHERE userid=:userid.
in C:\xampp\htdocs\iccu\protected\modules\rights\components\RAuthorizer.php (341)
in C:\xampp\htdocs\iccu\protected\modules\rights\components\RWebUser.php (21)
in C:\xampp\htdocs\iccu\protected\models\LoginForm.php (71)
2012/04/27 18:00:50 [error] [exception.CDbException] exception 'CDbException' with message 'CDbCommand failed to execute the SQL statement: SQLSTATE[42S02]: Base table or view not found: 1146 Table 'iccu.authassignment' doesn't exist. The SQL statement executed was: SELECT *
FROM `AuthAssignment`
WHERE userid=:userid' in C:\xampp\htdocs\yii\framework\db\CDbCommand.php:528
Stack trace:
#0 C:\xampp\htdocs\yii\framework\db\CDbCommand.php(390): CDbCommand->queryInternal('fetchAll', Array, Array)
#1 C:\xampp\htdocs\yii\framework\web\auth\CDbAuthManager.php(334): CDbCommand->queryAll()
#2 C:\xampp\htdocs\iccu\protected\modules\rights\components\RAuthorizer.php(341): CDbAuthManager->getAuthAssignments('admin')
#3 C:\xampp\htdocs\iccu\protected\modules\rights\components\RWebUser.php(21): RAuthorizer->isSuperuser('admin')
#4 C:\xampp\htdocs\yii\framework\web\auth\CWebUser.php(239): RWebUser->afterLogin(false)
#5 C:\xampp\htdocs\iccu\protected\models\LoginForm.php(71): CWebUser->login(Object(UserIdentity), 0)
#6 C:\xampp\htdocs\iccu\protected\controllers\SiteController.php(88): LoginForm->login()
#7 C:\xampp\htdocs\yii\framework\web\actions\CInlineAction.php(50): SiteController->actionLogin()
#8 C:\xampp\htdocs\yii\framework\web\CController.php(309): CInlineAction->runWithParams(Array)
#9 C:\xampp\htdocs\yii\framework\web\CController.php(287): CController->runAction(Object(CInlineAction))
#10 C:\xampp\htdocs\yii\framework\web\CController.php(266): CController->runActionWithFilters(Object(CInlineAction), Array)
#11 C:\xampp\htdocs\yii\framework\web\CWebApplication.php(276): CController->run('login')
#12 C:\xampp\htdocs\yii\framework\web\CWebApplication.php(135): CWebApplication->runController('site/login')
#13 C:\xampp\htdocs\yii\framework\base\CApplication.php(162): CWebApplication->processRequest()
#14 C:\xampp\htdocs\iccu\index.php(13): CApplication->run()
#15 {main}
REQUEST_URI=/iccu/site/login
HTTP_REFERER=http://localhost/iccu/site/login
---
2012/04/27 18:02:02 [error] [system.db.CDbCommand] CDbCommand::fetchColumn() failed: SQLSTATE[42S02]: Base table or view not found: 1146 Table 'iccu.authitem' doesn't exist. The SQL statement executed was: SELECT COUNT(*) FROM AuthItem.
in C:\xampp\htdocs\iccu\protected\modules\rights\components\RInstaller.php (180)
in C:\xampp\htdocs\iccu\protected\modules\rights\controllers\InstallController.php (43)
in C:\xampp\htdocs\iccu\index.php (13)
2012/04/27 18:02:03 [error] [php] include(User.php) [<a href='function.include'>function.include</a>]: failed to open stream: No such file or directory (C:\xampp\htdocs\yii\framework\YiiBase.php:418)
Stack trace:
#0 C:\xampp\htdocs\yii\framework\db\ar\CActiveRecord.php(378): spl_autoload_call()
#1 C:\xampp\htdocs\iccu\protected\modules\rights\components\RAuthorizer.php(295): model()
#2 C:\xampp\htdocs\iccu\protected\modules\rights\controllers\InstallController.php(61): RAuthorizer->getSuperusers()
#3 C:\xampp\htdocs\yii\framework\web\CController.php(1145): InstallController->accessRules()
#4 C:\xampp\htdocs\yii\framework\web\filters\CInlineFilter.php(59): InstallController->filterAccessControl()
#5 C:\xampp\htdocs\yii\framework\web\filters\CFilterChain.php(131): CInlineFilter->filter()
#6 C:\xampp\htdocs\yii\framework\web\CController.php(292): CFilterChain->run()
#7 C:\xampp\htdocs\yii\framework\web\CController.php(266): InstallController->runActionWithFilters()
#8 C:\xampp\htdocs\yii\framework\web\CWebApplication.php(276): InstallController->run()
#9 C:\xampp\htdocs\yii\framework\web\CWebApplication.php(135): CWebApplication->runController()
#10 C:\xampp\htdocs\yii\framework\base\CApplication.php(162): CWebApplication->processRequest()
#11 C:\xampp\htdocs\iccu\index.php(13): CWebApplication->run()
REQUEST_URI=/iccu/rights/install/ready
in C:\xampp\htdocs\iccu\protected\modules\rights\components\RAuthorizer.php (295)
in C:\xampp\htdocs\iccu\protected\modules\rights\controllers\InstallController.php (61)
in C:\xampp\htdocs\iccu\index.php (13)
2012/04/27 18:06:45 [error] [exception.CHttpException.403] exception 'CHttpException' with message 'There must be at least one superuser!' in C:\xampp\htdocs\iccu\protected\modules\rights\components\RAuthorizer.php:305
Stack trace:
#0 C:\xampp\htdocs\iccu\protected\modules\rights\controllers\InstallController.php(61): RAuthorizer->getSuperusers()
#1 C:\xampp\htdocs\yii\framework\web\CController.php(1145): InstallController->accessRules()
#2 C:\xampp\htdocs\yii\framework\web\filters\CInlineFilter.php(59): CController->filterAccessControl(Object(CFilterChain))
#3 C:\xampp\htdocs\yii\framework\web\filters\CFilterChain.php(131): CInlineFilter->filter(Object(CFilterChain))
#4 C:\xampp\htdocs\yii\framework\web\CController.php(292): CFilterChain->run()
#5 C:\xampp\htdocs\yii\framework\web\CController.php(266): CController->runActionWithFilters(Object(CInlineAction), Array)
#6 C:\xampp\htdocs\yii\framework\web\CWebApplication.php(276): CController->run('')
#7 C:\xampp\htdocs\yii\framework\web\CWebApplication.php(135): CWebApplication->runController('rights/install')
#8 C:\xampp\htdocs\yii\framework\base\CApplication.php(162): CWebApplication->processRequest()
#9 C:\xampp\htdocs\iccu\index.php(13): CApplication->run()
#10 {main}
REQUEST_URI=/iccu/rights/install
---
2012/04/27 18:08:01 [error] [system.db.CDbCommand] CDbCommand::fetchColumn() failed: SQLSTATE[42S02]: Base table or view not found: 1146 Table 'iccu.authitem' doesn't exist. The SQL statement executed was: SELECT COUNT(*) FROM AuthItem.
in C:\xampp\htdocs\iccu\protected\modules\rights\components\RInstaller.php (180)
in C:\xampp\htdocs\iccu\protected\modules\rights\controllers\InstallController.php (43)
in C:\xampp\htdocs\iccu\index.php (13)
2012/04/27 18:08:02 [error] [exception.CHttpException.403] exception 'CHttpException' with message 'There must be at least one superuser!' in C:\xampp\htdocs\iccu\protected\modules\rights\components\RAuthorizer.php:305
Stack trace:
#0 C:\xampp\htdocs\iccu\protected\modules\rights\controllers\InstallController.php(61): RAuthorizer->getSuperusers()
#1 C:\xampp\htdocs\yii\framework\web\CController.php(1145): InstallController->accessRules()
#2 C:\xampp\htdocs\yii\framework\web\filters\CInlineFilter.php(59): CController->filterAccessControl(Object(CFilterChain))
#3 C:\xampp\htdocs\yii\framework\web\filters\CFilterChain.php(131): CInlineFilter->filter(Object(CFilterChain))
#4 C:\xampp\htdocs\yii\framework\web\CController.php(292): CFilterChain->run()
#5 C:\xampp\htdocs\yii\framework\web\CController.php(266): CController->runActionWithFilters(Object(CInlineAction), Array)
#6 C:\xampp\htdocs\yii\framework\web\CWebApplication.php(276): CController->run('ready')
#7 C:\xampp\htdocs\yii\framework\web\CWebApplication.php(135): CWebApplication->runController('rights/install/...')
#8 C:\xampp\htdocs\yii\framework\base\CApplication.php(162): CWebApplication->processRequest()
#9 C:\xampp\htdocs\iccu\index.php(13): CApplication->run()
#10 {main}
REQUEST_URI=/iccu/rights/install/ready
---
2012/04/27 18:08:47 [error] [exception.CHttpException.403] exception 'CHttpException' with message 'There must be at least one superuser!' in C:\xampp\htdocs\iccu\protected\modules\rights\components\RAuthorizer.php:305
Stack trace:
#0 C:\xampp\htdocs\iccu\protected\modules\rights\controllers\InstallController.php(61): RAuthorizer->getSuperusers()
#1 C:\xampp\htdocs\yii\framework\web\CController.php(1145): InstallController->accessRules()
#2 C:\xampp\htdocs\yii\framework\web\filters\CInlineFilter.php(59): CController->filterAccessControl(Object(CFilterChain))
#3 C:\xampp\htdocs\yii\framework\web\filters\CFilterChain.php(131): CInlineFilter->filter(Object(CFilterChain))
#4 C:\xampp\htdocs\yii\framework\web\CController.php(292): CFilterChain->run()
#5 C:\xampp\htdocs\yii\framework\web\CController.php(266): CController->runActionWithFilters(Object(CInlineAction), Array)
#6 C:\xampp\htdocs\yii\framework\web\CWebApplication.php(276): CController->run('')
#7 C:\xampp\htdocs\yii\framework\web\CWebApplication.php(135): CWebApplication->runController('rights')
#8 C:\xampp\htdocs\yii\framework\base\CApplication.php(162): CWebApplication->processRequest()
#9 C:\xampp\htdocs\iccu\index.php(13): CApplication->run()
#10 {main}
REQUEST_URI=/iccu/rights
---
2012/04/27 18:10:06 [error] [exception.CHttpException.403] exception 'CHttpException' with message 'There must be at least one superuser!' in C:\xampp\htdocs\iccu\protected\modules\rights\components\RAuthorizer.php:305
Stack trace:
#0 C:\xampp\htdocs\iccu\protected\modules\rights\controllers\InstallController.php(61): RAuthorizer->getSuperusers()
#1 C:\xampp\htdocs\yii\framework\web\CController.php(1145): InstallController->accessRules()
#2 C:\xampp\htdocs\yii\framework\web\filters\CInlineFilter.php(59): CController->filterAccessControl(Object(CFilterChain))
#3 C:\xampp\htdocs\yii\framework\web\filters\CFilterChain.php(131): CInlineFilter->filter(Object(CFilterChain))
#4 C:\xampp\htdocs\yii\framework\web\CController.php(292): CFilterChain->run()
#5 C:\xampp\htdocs\yii\framework\web\CController.php(266): CController->runActionWithFilters(Object(CInlineAction), Array)
#6 C:\xampp\htdocs\yii\framework\web\CWebApplication.php(276): CController->run('')
#7 C:\xampp\htdocs\yii\framework\web\CWebApplication.php(135): CWebApplication->runController('rights/install')
#8 C:\xampp\htdocs\yii\framework\base\CApplication.php(162): CWebApplication->processRequest()
#9 C:\xampp\htdocs\iccu\index.php(13): CApplication->run()
#10 {main}
REQUEST_URI=/iccu/rights/install
---
2012/04/27 18:11:12 [error] [system.db.CDbCommand] CDbCommand::fetchColumn() failed: SQLSTATE[42S02]: Base table or view not found: 1146 Table 'iccu.authitem' doesn't exist. The SQL statement executed was: SELECT COUNT(*) FROM AuthItem.
in C:\xampp\htdocs\iccu\protected\modules\rights\components\RInstaller.php (180)
in C:\xampp\htdocs\iccu\protected\modules\rights\controllers\InstallController.php (43)
in C:\xampp\htdocs\iccu\index.php (13)
2012/04/27 18:11:20 [error] [system.db.CDbCommand] CDbCommand::fetchColumn() failed: SQLSTATE[42S02]: Base table or view not found: 1146 Table 'iccu.authitem' doesn't exist. The SQL statement executed was: SELECT COUNT(*) FROM AuthItem.
in C:\xampp\htdocs\iccu\protected\modules\rights\components\RInstaller.php (180)
in C:\xampp\htdocs\iccu\protected\modules\rights\controllers\InstallController.php (43)
in C:\xampp\htdocs\iccu\index.php (13)
2012/04/27 18:11:26 [error] [system.db.CDbCommand] CDbCommand::fetchAll() failed: SQLSTATE[42S02]: Base table or view not found: 1146 Table 'iccu.authassignment' doesn't exist. The SQL statement executed was: SELECT *
FROM `AuthAssignment`
WHERE userid=:userid.
in C:\xampp\htdocs\iccu\protected\modules\rights\components\RAuthorizer.php (341)
in C:\xampp\htdocs\iccu\protected\modules\rights\components\RWebUser.php (21)
in C:\xampp\htdocs\iccu\protected\models\LoginForm.php (71)
2012/04/27 18:11:26 [error] [exception.CDbException] exception 'CDbException' with message 'CDbCommand failed to execute the SQL statement: SQLSTATE[42S02]: Base table or view not found: 1146 Table 'iccu.authassignment' doesn't exist. The SQL statement executed was: SELECT *
FROM `AuthAssignment`
WHERE userid=:userid' in C:\xampp\htdocs\yii\framework\db\CDbCommand.php:528
Stack trace:
#0 C:\xampp\htdocs\yii\framework\db\CDbCommand.php(390): CDbCommand->queryInternal('fetchAll', Array, Array)
#1 C:\xampp\htdocs\yii\framework\web\auth\CDbAuthManager.php(334): CDbCommand->queryAll()
#2 C:\xampp\htdocs\iccu\protected\modules\rights\components\RAuthorizer.php(341): CDbAuthManager->getAuthAssignments('admin')
#3 C:\xampp\htdocs\iccu\protected\modules\rights\components\RWebUser.php(21): RAuthorizer->isSuperuser('admin')
#4 C:\xampp\htdocs\yii\framework\web\auth\CWebUser.php(239): RWebUser->afterLogin(false)
#5 C:\xampp\htdocs\iccu\protected\models\LoginForm.php(71): CWebUser->login(Object(UserIdentity), 0)
#6 C:\xampp\htdocs\iccu\protected\controllers\SiteController.php(88): LoginForm->login()
#7 C:\xampp\htdocs\yii\framework\web\actions\CInlineAction.php(50): SiteController->actionLogin()
#8 C:\xampp\htdocs\yii\framework\web\CController.php(309): CInlineAction->runWithParams(Array)
#9 C:\xampp\htdocs\yii\framework\web\CController.php(287): CController->runAction(Object(CInlineAction))
#10 C:\xampp\htdocs\yii\framework\web\CController.php(266): CController->runActionWithFilters(Object(CInlineAction), Array)
#11 C:\xampp\htdocs\yii\framework\web\CWebApplication.php(276): CController->run('login')
#12 C:\xampp\htdocs\yii\framework\web\CWebApplication.php(135): CWebApplication->runController('site/login')
#13 C:\xampp\htdocs\yii\framework\base\CApplication.php(162): CWebApplication->processRequest()
#14 C:\xampp\htdocs\iccu\index.php(13): CApplication->run()
#15 {main}
REQUEST_URI=/iccu/site/login
HTTP_REFERER=http://localhost/iccu/site/login
---
2012/04/27 18:11:43 [error] [system.db.CDbCommand] CDbCommand::fetchColumn() failed: SQLSTATE[42S02]: Base table or view not found: 1146 Table 'iccu.authitem' doesn't exist. The SQL statement executed was: SELECT COUNT(*) FROM AuthItem.
in C:\xampp\htdocs\iccu\protected\modules\rights\components\RInstaller.php (180)
in C:\xampp\htdocs\iccu\protected\modules\rights\controllers\InstallController.php (43)
in C:\xampp\htdocs\iccu\index.php (13)
2012/04/27 18:11:43 [error] [exception.CHttpException.403] exception 'CHttpException' with message 'There must be at least one superuser!' in C:\xampp\htdocs\iccu\protected\modules\rights\components\RAuthorizer.php:305
Stack trace:
#0 C:\xampp\htdocs\iccu\protected\modules\rights\controllers\InstallController.php(61): RAuthorizer->getSuperusers()
#1 C:\xampp\htdocs\yii\framework\web\CController.php(1145): InstallController->accessRules()
#2 C:\xampp\htdocs\yii\framework\web\filters\CInlineFilter.php(59): CController->filterAccessControl(Object(CFilterChain))
#3 C:\xampp\htdocs\yii\framework\web\filters\CFilterChain.php(131): CInlineFilter->filter(Object(CFilterChain))
#4 C:\xampp\htdocs\yii\framework\web\CController.php(292): CFilterChain->run()
#5 C:\xampp\htdocs\yii\framework\web\CController.php(266): CController->runActionWithFilters(Object(CInlineAction), Array)
#6 C:\xampp\htdocs\yii\framework\web\CWebApplication.php(276): CController->run('ready')
#7 C:\xampp\htdocs\yii\framework\web\CWebApplication.php(135): CWebApplication->runController('rights/install/...')
#8 C:\xampp\htdocs\yii\framework\base\CApplication.php(162): CWebApplication->processRequest()
#9 C:\xampp\htdocs\iccu\index.php(13): CApplication->run()
#10 {main}
REQUEST_URI=/iccu/rights/install/ready
---
2012/04/27 14:12:35 [error] [exception.CDbException] exception 'CDbException' with message 'CDbConnection failed to open the DB connection: SQLSTATE[28000] [1045] Access denied for user 'root'@'localhost' (using password: NO)' in C:\xampp\htdocs\yii\framework\db\CDbConnection.php:382
Stack trace:
#0 C:\xampp\htdocs\yii\framework\db\CDbConnection.php(331): CDbConnection->open()
#1 C:\xampp\htdocs\yii\framework\db\CDbConnection.php(309): CDbConnection->setActive(true)
#2 C:\xampp\htdocs\yii\framework\base\CModule.php(388): CDbConnection->init()
#3 C:\xampp\htdocs\yii\framework\web\auth\CDbAuthManager.php(586): CModule->getComponent('db')
#4 C:\xampp\htdocs\yii\framework\web\auth\CDbAuthManager.php(60): CDbAuthManager->getDbConnection()
#5 C:\xampp\htdocs\yii\framework\base\CModule.php(388): CDbAuthManager->init()
#6 C:\xampp\htdocs\yii\framework\base\CModule.php(104): CModule->getComponent('authManager')
#7 C:\xampp\htdocs\iccu\protected\modules\rights\RightsModule.php(129): CModule->__get('authManager')
#8 C:\xampp\htdocs\yii\framework\base\CModule.php(91): RightsModule->init()
#9 C:\xampp\htdocs\yii\framework\YiiBase.php(208): CModule->__construct('rights', NULL, Array)
#10 C:\xampp\htdocs\yii\framework\base\CModule.php(283): YiiBase::createComponent('rights.RightsMo...', 'rights', NULL, Array)
#11 C:\xampp\htdocs\iccu\protected\modules\rights\components\Rights.php(271): CModule->getModule('rights')
#12 C:\xampp\htdocs\iccu\protected\modules\rights\components\Rights.php(254): Rights::findModule()
#13 C:\xampp\htdocs\iccu\protected\modules\rights\components\Rights.php(287): Rights::module()
#14 C:\xampp\htdocs\iccu\protected\modules\rights\components\RWebUser.php(21): Rights::getAuthorizer()
#15 C:\xampp\htdocs\yii\framework\web\auth\CWebUser.php(239): RWebUser->afterLogin(false)
#16 C:\xampp\htdocs\iccu\protected\models\LoginForm.php(71): CWebUser->login(Object(UserIdentity), 0)
#17 C:\xampp\htdocs\iccu\protected\controllers\SiteController.php(88): LoginForm->login()
#18 C:\xampp\htdocs\yii\framework\web\actions\CInlineAction.php(50): SiteController->actionLogin()
#19 C:\xampp\htdocs\yii\framework\web\CController.php(309): CInlineAction->runWithParams(Array)
#20 C:\xampp\htdocs\yii\framework\web\CController.php(287): CController->runAction(Object(CInlineAction))
#21 C:\xampp\htdocs\yii\framework\web\CController.php(266): CController->runActionWithFilters(Object(CInlineAction), Array)
#22 C:\xampp\htdocs\yii\framework\web\CWebApplication.php(276): CController->run('login')
#23 C:\xampp\htdocs\yii\framework\web\CWebApplication.php(135): CWebApplication->runController('site/login')
#24 C:\xampp\htdocs\yii\framework\base\CApplication.php(162): CWebApplication->processRequest()
#25 C:\xampp\htdocs\iccu\index.php(13): CApplication->run()
#26 {main}
REQUEST_URI=/iccu/site/login
HTTP_REFERER=http://localhost/iccu/site/login
---
2012/04/27 14:14:11 [error] [exception.CHttpException.404] exception 'CHttpException' with message 'Unable to resolve the request "right".' in C:\xampp\htdocs\yii\framework\web\CWebApplication.php:280
Stack trace:
#0 C:\xampp\htdocs\yii\framework\web\CWebApplication.php(135): CWebApplication->runController('right')
#1 C:\xampp\htdocs\yii\framework\base\CApplication.php(162): CWebApplication->processRequest()
#2 C:\xampp\htdocs\iccu\index.php(13): CApplication->run()
#3 {main}
REQUEST_URI=/iccu/right
---
2012/04/28 11:20:26 [error] [system.db.CDbCommand] CDbCommand::fetchAll() failed: SQLSTATE[42S02]: Base table or view not found: 1146 Table 'iccu.AuthAssignment' doesn't exist. The SQL statement executed was: SELECT *
FROM `AuthAssignment`
WHERE userid=:userid.
in /home/nghiaqh/workspace/iccu/protected/modules/rights/components/RAuthorizer.php (341)
in /home/nghiaqh/workspace/iccu/protected/modules/rights/components/RWebUser.php (21)
in /home/nghiaqh/workspace/iccu/protected/models/LoginForm.php (71)
2012/04/28 11:20:26 [error] [exception.CDbException] exception 'CDbException' with message 'CDbCommand failed to execute the SQL statement: SQLSTATE[42S02]: Base table or view not found: 1146 Table 'iccu.AuthAssignment' doesn't exist. The SQL statement executed was: SELECT *
FROM `AuthAssignment`
WHERE userid=:userid' in /home/nghiaqh/workspace/yii/framework/db/CDbCommand.php:528
Stack trace:
#0 /home/nghiaqh/workspace/yii/framework/db/CDbCommand.php(390): CDbCommand->queryInternal('fetchAll', Array, Array)
#1 /home/nghiaqh/workspace/yii/framework/web/auth/CDbAuthManager.php(334): CDbCommand->queryAll()
#2 /home/nghiaqh/workspace/iccu/protected/modules/rights/components/RAuthorizer.php(341): CDbAuthManager->getAuthAssignments('admin')
#3 /home/nghiaqh/workspace/iccu/protected/modules/rights/components/RWebUser.php(21): RAuthorizer->isSuperuser('admin')
#4 /home/nghiaqh/workspace/yii/framework/web/auth/CWebUser.php(239): RWebUser->afterLogin(false)
#5 /home/nghiaqh/workspace/iccu/protected/models/LoginForm.php(71): CWebUser->login(Object(UserIdentity), 0)
#6 /home/nghiaqh/workspace/iccu/protected/controllers/SiteController.php(88): LoginForm->login()
#7 /home/nghiaqh/workspace/yii/framework/web/actions/CInlineAction.php(50): SiteController->actionLogin()
#8 /home/nghiaqh/workspace/yii/framework/web/CController.php(309): CInlineAction->runWithParams(Array)
#9 /home/nghiaqh/workspace/yii/framework/web/CController.php(287): CController->runAction(Object(CInlineAction))
#10 /home/nghiaqh/workspace/yii/framework/web/CController.php(266): CController->runActionWithFilters(Object(CInlineAction), Array)
#11 /home/nghiaqh/workspace/yii/framework/web/CWebApplication.php(276): CController->run('login')
#12 /home/nghiaqh/workspace/yii/framework/web/CWebApplication.php(135): CWebApplication->runController('site/login')
#13 /home/nghiaqh/workspace/yii/framework/base/CApplication.php(162): CWebApplication->processRequest()
#14 /home/nghiaqh/workspace/iccu/index.php(13): CApplication->run()
#15 {main}
REQUEST_URI=/iccu/index.php/site/login
HTTP_REFERER=http://localhost/iccu/index.php/site/login
---
2012/04/28 11:22:41 [error] [system.db.CDbCommand] CDbCommand::fetchAll() failed: SQLSTATE[42S02]: Base table or view not found: 1146 Table 'iccu.AuthAssignment' doesn't exist. The SQL statement executed was: SELECT *
FROM `AuthAssignment`
WHERE userid=:userid.
in /home/nghiaqh/workspace/iccu/protected/modules/rights/components/RAuthorizer.php (341)
in /home/nghiaqh/workspace/iccu/protected/modules/rights/components/RWebUser.php (21)
in /home/nghiaqh/workspace/iccu/protected/models/LoginForm.php (71)
2012/04/28 11:22:41 [error] [exception.CDbException] exception 'CDbException' with message 'CDbCommand failed to execute the SQL statement: SQLSTATE[42S02]: Base table or view not found: 1146 Table 'iccu.AuthAssignment' doesn't exist. The SQL statement executed was: SELECT *
FROM `AuthAssignment`
WHERE userid=:userid' in /home/nghiaqh/workspace/yii/framework/db/CDbCommand.php:528
Stack trace:
#0 /home/nghiaqh/workspace/yii/framework/db/CDbCommand.php(390): CDbCommand->queryInternal('fetchAll', Array, Array)
#1 /home/nghiaqh/workspace/yii/framework/web/auth/CDbAuthManager.php(334): CDbCommand->queryAll()
#2 /home/nghiaqh/workspace/iccu/protected/modules/rights/components/RAuthorizer.php(341): CDbAuthManager->getAuthAssignments('admin')
#3 /home/nghiaqh/workspace/iccu/protected/modules/rights/components/RWebUser.php(21): RAuthorizer->isSuperuser('admin')
#4 /home/nghiaqh/workspace/yii/framework/web/auth/CWebUser.php(239): RWebUser->afterLogin(false)
#5 /home/nghiaqh/workspace/iccu/protected/models/LoginForm.php(71): CWebUser->login(Object(UserIdentity), 0)
#6 /home/nghiaqh/workspace/iccu/protected/controllers/SiteController.php(88): LoginForm->login()
#7 /home/nghiaqh/workspace/yii/framework/web/actions/CInlineAction.php(50): SiteController->actionLogin()
#8 /home/nghiaqh/workspace/yii/framework/web/CController.php(309): CInlineAction->runWithParams(Array)
#9 /home/nghiaqh/workspace/yii/framework/web/CController.php(287): CController->runAction(Object(CInlineAction))
#10 /home/nghiaqh/workspace/yii/framework/web/CController.php(266): CController->runActionWithFilters(Object(CInlineAction), Array)
#11 /home/nghiaqh/workspace/yii/framework/web/CWebApplication.php(276): CController->run('login')
#12 /home/nghiaqh/workspace/yii/framework/web/CWebApplication.php(135): CWebApplication->runController('site/login')
#13 /home/nghiaqh/workspace/yii/framework/base/CApplication.php(162): CWebApplication->processRequest()
#14 /home/nghiaqh/workspace/iccu/index.php(13): CApplication->run()
#15 {main}
REQUEST_URI=/iccu/index.php/site/login
HTTP_REFERER=http://localhost/iccu/index.php/site/login
---
2012/04/28 11:23:31 [error] [system.db.CDbCommand] CDbCommand::fetchColumn() failed: SQLSTATE[42S02]: Base table or view not found: 1146 Table 'iccu.AuthItem' doesn't exist. The SQL statement executed was: SELECT COUNT(*) FROM AuthItem.
in /home/nghiaqh/workspace/iccu/protected/modules/rights/components/RInstaller.php (180)
in /home/nghiaqh/workspace/iccu/protected/modules/rights/controllers/InstallController.php (43)
in /home/nghiaqh/workspace/iccu/index.php (13)
2012/04/28 11:23:31 [error] [php] include(Users.php) [<a href='function.include'>function.include</a>]: failed to open stream: No such file or directory (/home/nghiaqh/workspace/yii/framework/YiiBase.php:418)
Stack trace:
#0 /home/nghiaqh/workspace/yii/framework/db/ar/CActiveRecord.php(378): spl_autoload_call()
#1 /home/nghiaqh/workspace/iccu/protected/modules/rights/components/RAuthorizer.php(295): model()
#2 /home/nghiaqh/workspace/iccu/protected/modules/rights/controllers/InstallController.php(61): RAuthorizer->getSuperusers()
#3 /home/nghiaqh/workspace/yii/framework/web/CController.php(1145): InstallController->accessRules()
#4 /home/nghiaqh/workspace/yii/framework/web/filters/CInlineFilter.php(59): InstallController->filterAccessControl()
#5 /home/nghiaqh/workspace/yii/framework/web/filters/CFilterChain.php(131): CInlineFilter->filter()
#6 /home/nghiaqh/workspace/yii/framework/web/CController.php(292): CFilterChain->run()
#7 /home/nghiaqh/workspace/yii/framework/web/CController.php(266): InstallController->runActionWithFilters()
#8 /home/nghiaqh/workspace/yii/framework/web/CWebApplication.php(276): InstallController->run()
#9 /home/nghiaqh/workspace/yii/framework/web/CWebApplication.php(135): CWebApplication->runController()
#10 /home/nghiaqh/workspace/yii/framework/base/CApplication.php(162): CWebApplication->processRequest()
#11 /home/nghiaqh/workspace/iccu/index.php(13): CWebApplication->run()
REQUEST_URI=/iccu/index.php/rights/install/ready
in /home/nghiaqh/workspace/iccu/protected/modules/rights/components/RAuthorizer.php (295)
in /home/nghiaqh/workspace/iccu/protected/modules/rights/controllers/InstallController.php (61)
in /home/nghiaqh/workspace/iccu/index.php (13)
2012/04/28 11:25:48 [error] [exception.CHttpException.404] exception 'CHttpException' with message 'Unable to resolve the request "rights/authItem/generate".' in /home/nghiaqh/workspace/yii/framework/web/CWebApplication.php:280
Stack trace:
#0 /home/nghiaqh/workspace/yii/framework/web/CWebApplication.php(135): CWebApplication->runController('rights/authItem...')
#1 /home/nghiaqh/workspace/yii/framework/base/CApplication.php(162): CWebApplication->processRequest()
#2 /home/nghiaqh/workspace/iccu/index.php(13): CApplication->run()
#3 {main}
REQUEST_URI=/iccu/index.php/rights/authItem/generate
HTTP_REFERER=http://localhost/iccu/index.php/rights/install/ready
---
2012/04/28 11:27:39 [error] [php] Undefined property: Users::$id (/home/nghiaqh/workspace/iccu/protected/modules/rights/components/behaviors/RUserBehavior.php:32)
Stack trace:
#0 /home/nghiaqh/workspace/yii/framework/db/ar/CActiveRecord.php(144): Users->__get()
#1 /home/nghiaqh/workspace/iccu/protected/modules/rights/components/behaviors/RUserBehavior.php(32): Users->__get()
#2 /home/nghiaqh/workspace/iccu/protected/modules/rights/components/behaviors/RUserBehavior.php(54): RUserBehavior->getId()
#3 unknown(0): RUserBehavior->getAssignmentNameLink()
#4 /home/nghiaqh/workspace/yii/framework/base/CComponent.php(261): call_user_func_array()
#5 /home/nghiaqh/workspace/yii/framework/db/ar/CActiveRecord.php(226): Users->__call()
#6 unknown(0): Users->__call()
#7 /home/nghiaqh/workspace/yii/framework/base/CComponent.php(607) : eval()'d code(1): Users->getAssignmentNameLink()
#8 /home/nghiaqh/workspace/yii/framework/base/CComponent.php(607): eval()
#9 /home/nghiaqh/workspace/yii/framework/zii/widgets/grid/CDataColumn.php(139): CDataColumn->evaluateExpression()
#10 /home/nghiaqh/workspace/yii/framework/zii/widgets/grid/CGridColumn.php(138): CDataColumn->renderDataCellContent()
#11 /home/nghiaqh/workspace/yii/framework/zii/widgets/grid/CGridView.php(517): CDataColumn->renderDataCell()
#12 /home/nghiaqh/workspace/yii/framework/zii/widgets/grid/CGridView.php(490): CGridView->renderTableRow()
#13 /home/nghiaqh/workspace/yii/framework/zii/widgets/grid/CGridView.php(400): CGridView->renderTableBody()
#14 /home/nghiaqh/workspace/yii/framework/zii/widgets/CBaseListView.php(158): CGridView->renderItems()
#15 unknown(0): CGridView->renderSection()
#16 /home/nghiaqh/workspace/yii/framework/zii/widgets/CBaseListView.php(141): preg_replace_callback()
#17 /home/nghiaqh/workspace/yii/framework/zii/widgets/CBaseListView.php(126): CGridView->renderContent()
#18 /home/nghiaqh/workspace/yii/framework/web/CBaseController.php(174): CGridView->run()
#19 /home/nghiaqh/workspace/iccu/protected/modules/rights/views/assignment/view.php(49): AssignmentController->widget()
#20 /home/nghiaqh/workspace/yii/framework/web/CBaseController.php(127): require()
#21 /home/nghiaqh/workspace/yii/framework/web/CBaseController.php(96): AssignmentController->renderInternal()
#22 /home/nghiaqh/workspace/yii/framework/web/CController.php(870): AssignmentController->renderFile()
#23 /home/nghiaqh/workspace/yii/framework/web/CController.php(783): AssignmentController->renderPartial()
#24 /home/nghiaqh/workspace/iccu/protected/modules/rights/controllers/AssignmentController.php(74): AssignmentController->render()
#25 /home/nghiaqh/workspace/yii/framework/web/actions/CInlineAction.php(50): AssignmentController->actionView()
#26 /home/nghiaqh/workspace/yii/framework/web/CController.php(309): CInlineAction->runWithParams()
#27 /home/nghiaqh/workspace/yii/framework/web/filters/CFilterChain.php(134): AssignmentController->runAction()
#28 /home/nghiaqh/workspace/yii/framework/web/filters/CFilter.php(41): CFilterChain->run()
#29 /home/nghiaqh/workspace/yii/framework/web/CController.php(1146): CAccessControlFilter->filter()
#30 /home/nghiaqh/workspace/yii/framework/web/filters/CInlineFilter.php(59): AssignmentController->filterAccessControl()
#31 /home/nghiaqh/workspace/yii/framework/web/filters/CFilterChain.php(131): CInlineFilter->filter()
#32 /home/nghiaqh/workspace/yii/framework/web/CController.php(292): CFilterChain->run()
#33 /home/nghiaqh/workspace/yii/framework/web/CController.php(266): AssignmentController->runActionWithFilters()
#34 /home/nghiaqh/workspace/yii/framework/web/CWebApplication.php(276): AssignmentController->run()
#35 /home/nghiaqh/workspace/yii/framework/web/CWebApplication.php(135): CWebApplication->runController()
#36 /home/nghiaqh/workspace/yii/framework/base/CApplication.php(162): CWebApplication->processRequest()
#37 /home/nghiaqh/workspace/iccu/index.php(13): CWebApplication->run()
REQUEST_URI=/iccu/index.php/rights
in /home/nghiaqh/workspace/iccu/protected/modules/rights/components/behaviors/RUserBehavior.php (32)
in /home/nghiaqh/workspace/iccu/protected/modules/rights/components/behaviors/RUserBehavior.php (32)
in /home/nghiaqh/workspace/iccu/protected/modules/rights/components/behaviors/RUserBehavior.php (54)
2012/04/28 11:33:28 [error] [php] Undefined property: Users::$id (/home/nghiaqh/workspace/iccu/protected/modules/rights/components/behaviors/RUserBehavior.php:32)
Stack trace:
#0 /home/nghiaqh/workspace/yii/framework/db/ar/CActiveRecord.php(144): Users->__get()
#1 /home/nghiaqh/workspace/iccu/protected/modules/rights/components/behaviors/RUserBehavior.php(32): Users->__get()
#2 /home/nghiaqh/workspace/iccu/protected/modules/rights/components/behaviors/RUserBehavior.php(54): RUserBehavior->getId()
#3 unknown(0): RUserBehavior->getAssignmentNameLink()
#4 /home/nghiaqh/workspace/yii/framework/base/CComponent.php(261): call_user_func_array()
#5 /home/nghiaqh/workspace/yii/framework/db/ar/CActiveRecord.php(226): Users->__call()
#6 unknown(0): Users->__call()
#7 /home/nghiaqh/workspace/yii/framework/base/CComponent.php(607) : eval()'d code(1): Users->getAssignmentNameLink()
#8 /home/nghiaqh/workspace/yii/framework/base/CComponent.php(607): eval()
#9 /home/nghiaqh/workspace/yii/framework/zii/widgets/grid/CDataColumn.php(139): CDataColumn->evaluateExpression()
#10 /home/nghiaqh/workspace/yii/framework/zii/widgets/grid/CGridColumn.php(138): CDataColumn->renderDataCellContent()
#11 /home/nghiaqh/workspace/yii/framework/zii/widgets/grid/CGridView.php(517): CDataColumn->renderDataCell()
#12 /home/nghiaqh/workspace/yii/framework/zii/widgets/grid/CGridView.php(490): CGridView->renderTableRow()
#13 /home/nghiaqh/workspace/yii/framework/zii/widgets/grid/CGridView.php(400): CGridView->renderTableBody()
#14 /home/nghiaqh/workspace/yii/framework/zii/widgets/CBaseListView.php(158): CGridView->renderItems()
#15 unknown(0): CGridView->renderSection()
#16 /home/nghiaqh/workspace/yii/framework/zii/widgets/CBaseListView.php(141): preg_replace_callback()
#17 /home/nghiaqh/workspace/yii/framework/zii/widgets/CBaseListView.php(126): CGridView->renderContent()
#18 /home/nghiaqh/workspace/yii/framework/web/CBaseController.php(174): CGridView->run()
#19 /home/nghiaqh/workspace/iccu/protected/modules/rights/views/assignment/view.php(49): AssignmentController->widget()
#20 /home/nghiaqh/workspace/yii/framework/web/CBaseController.php(127): require()
#21 /home/nghiaqh/workspace/yii/framework/web/CBaseController.php(96): AssignmentController->renderInternal()
#22 /home/nghiaqh/workspace/yii/framework/web/CController.php(870): AssignmentController->renderFile()
#23 /home/nghiaqh/workspace/yii/framework/web/CController.php(783): AssignmentController->renderPartial()
#24 /home/nghiaqh/workspace/iccu/protected/modules/rights/controllers/AssignmentController.php(74): AssignmentController->render()
#25 /home/nghiaqh/workspace/yii/framework/web/actions/CInlineAction.php(50): AssignmentController->actionView()
#26 /home/nghiaqh/workspace/yii/framework/web/CController.php(309): CInlineAction->runWithParams()
#27 /home/nghiaqh/workspace/yii/framework/web/filters/CFilterChain.php(134): AssignmentController->runAction()
#28 /home/nghiaqh/workspace/yii/framework/web/filters/CFilter.php(41): CFilterChain->run()
#29 /home/nghiaqh/workspace/yii/framework/web/CController.php(1146): CAccessControlFilter->filter()
#30 /home/nghiaqh/workspace/yii/framework/web/filters/CInlineFilter.php(59): AssignmentController->filterAccessControl()
#31 /home/nghiaqh/workspace/yii/framework/web/filters/CFilterChain.php(131): CInlineFilter->filter()
#32 /home/nghiaqh/workspace/yii/framework/web/CController.php(292): CFilterChain->run()
#33 /home/nghiaqh/workspace/yii/framework/web/CController.php(266): AssignmentController->runActionWithFilters()
#34 /home/nghiaqh/workspace/yii/framework/web/CWebApplication.php(276): AssignmentController->run()
#35 /home/nghiaqh/workspace/yii/framework/web/CWebApplication.php(135): CWebApplication->runController()
#36 /home/nghiaqh/workspace/yii/framework/base/CApplication.php(162): CWebApplication->processRequest()
#37 /home/nghiaqh/workspace/iccu/index.php(13): CWebApplication->run()
REQUEST_URI=/iccu/index.php/rights
in /home/nghiaqh/workspace/iccu/protected/modules/rights/components/behaviors/RUserBehavior.php (32)
in /home/nghiaqh/workspace/iccu/protected/modules/rights/components/behaviors/RUserBehavior.php (32)
in /home/nghiaqh/workspace/iccu/protected/modules/rights/components/behaviors/RUserBehavior.php (54)
2012/04/28 11:33:30 [error] [php] Undefined property: Users::$id (/home/nghiaqh/workspace/iccu/protected/modules/rights/components/behaviors/RUserBehavior.php:32)
Stack trace:
#0 /home/nghiaqh/workspace/yii/framework/db/ar/CActiveRecord.php(144): Users->__get()
#1 /home/nghiaqh/workspace/iccu/protected/modules/rights/components/behaviors/RUserBehavior.php(32): Users->__get()
#2 /home/nghiaqh/workspace/iccu/protected/modules/rights/components/behaviors/RUserBehavior.php(54): RUserBehavior->getId()
#3 unknown(0): RUserBehavior->getAssignmentNameLink()
#4 /home/nghiaqh/workspace/yii/framework/base/CComponent.php(261): call_user_func_array()
#5 /home/nghiaqh/workspace/yii/framework/db/ar/CActiveRecord.php(226): Users->__call()
#6 unknown(0): Users->__call()
#7 /home/nghiaqh/workspace/yii/framework/base/CComponent.php(607) : eval()'d code(1): Users->getAssignmentNameLink()
#8 /home/nghiaqh/workspace/yii/framework/base/CComponent.php(607): eval()
#9 /home/nghiaqh/workspace/yii/framework/zii/widgets/grid/CDataColumn.php(139): CDataColumn->evaluateExpression()
#10 /home/nghiaqh/workspace/yii/framework/zii/widgets/grid/CGridColumn.php(138): CDataColumn->renderDataCellContent()
#11 /home/nghiaqh/workspace/yii/framework/zii/widgets/grid/CGridView.php(517): CDataColumn->renderDataCell()
#12 /home/nghiaqh/workspace/yii/framework/zii/widgets/grid/CGridView.php(490): CGridView->renderTableRow()
#13 /home/nghiaqh/workspace/yii/framework/zii/widgets/grid/CGridView.php(400): CGridView->renderTableBody()
#14 /home/nghiaqh/workspace/yii/framework/zii/widgets/CBaseListView.php(158): CGridView->renderItems()
#15 unknown(0): CGridView->renderSection()
#16 /home/nghiaqh/workspace/yii/framework/zii/widgets/CBaseListView.php(141): preg_replace_callback()
#17 /home/nghiaqh/workspace/yii/framework/zii/widgets/CBaseListView.php(126): CGridView->renderContent()
#18 /home/nghiaqh/workspace/yii/framework/web/CBaseController.php(174): CGridView->run()
#19 /home/nghiaqh/workspace/iccu/protected/modules/rights/views/assignment/view.php(49): AssignmentController->widget()
#20 /home/nghiaqh/workspace/yii/framework/web/CBaseController.php(127): require()
#21 /home/nghiaqh/workspace/yii/framework/web/CBaseController.php(96): AssignmentController->renderInternal()
#22 /home/nghiaqh/workspace/yii/framework/web/CController.php(870): AssignmentController->renderFile()
#23 /home/nghiaqh/workspace/yii/framework/web/CController.php(783): AssignmentController->renderPartial()
#24 /home/nghiaqh/workspace/iccu/protected/modules/rights/controllers/AssignmentController.php(74): AssignmentController->render()
#25 /home/nghiaqh/workspace/yii/framework/web/actions/CInlineAction.php(50): AssignmentController->actionView()
#26 /home/nghiaqh/workspace/yii/framework/web/CController.php(309): CInlineAction->runWithParams()
#27 /home/nghiaqh/workspace/yii/framework/web/filters/CFilterChain.php(134): AssignmentController->runAction()
#28 /home/nghiaqh/workspace/yii/framework/web/filters/CFilter.php(41): CFilterChain->run()
#29 /home/nghiaqh/workspace/yii/framework/web/CController.php(1146): CAccessControlFilter->filter()
#30 /home/nghiaqh/workspace/yii/framework/web/filters/CInlineFilter.php(59): AssignmentController->filterAccessControl()
#31 /home/nghiaqh/workspace/yii/framework/web/filters/CFilterChain.php(131): CInlineFilter->filter()
#32 /home/nghiaqh/workspace/yii/framework/web/CController.php(292): CFilterChain->run()
#33 /home/nghiaqh/workspace/yii/framework/web/CController.php(266): AssignmentController->runActionWithFilters()
#34 /home/nghiaqh/workspace/yii/framework/web/CWebApplication.php(276): AssignmentController->run()
#35 /home/nghiaqh/workspace/yii/framework/web/CWebApplication.php(135): CWebApplication->runController()
#36 /home/nghiaqh/workspace/yii/framework/base/CApplication.php(162): CWebApplication->processRequest()
#37 /home/nghiaqh/workspace/iccu/index.php(13): CWebApplication->run()
REQUEST_URI=/iccu/index.php/rights
in /home/nghiaqh/workspace/iccu/protected/modules/rights/components/behaviors/RUserBehavior.php (32)
in /home/nghiaqh/workspace/iccu/protected/modules/rights/components/behaviors/RUserBehavior.php (32)
in /home/nghiaqh/workspace/iccu/protected/modules/rights/components/behaviors/RUserBehavior.php (54)
2012/04/28 11:33:31 [error] [php] Undefined property: Users::$id (/home/nghiaqh/workspace/iccu/protected/modules/rights/components/behaviors/RUserBehavior.php:32)
Stack trace:
#0 /home/nghiaqh/workspace/yii/framework/db/ar/CActiveRecord.php(144): Users->__get()
#1 /home/nghiaqh/workspace/iccu/protected/modules/rights/components/behaviors/RUserBehavior.php(32): Users->__get()
#2 /home/nghiaqh/workspace/iccu/protected/modules/rights/components/behaviors/RUserBehavior.php(54): RUserBehavior->getId()
#3 unknown(0): RUserBehavior->getAssignmentNameLink()
#4 /home/nghiaqh/workspace/yii/framework/base/CComponent.php(261): call_user_func_array()
#5 /home/nghiaqh/workspace/yii/framework/db/ar/CActiveRecord.php(226): Users->__call()
#6 unknown(0): Users->__call()
#7 /home/nghiaqh/workspace/yii/framework/base/CComponent.php(607) : eval()'d code(1): Users->getAssignmentNameLink()
#8 /home/nghiaqh/workspace/yii/framework/base/CComponent.php(607): eval()
#9 /home/nghiaqh/workspace/yii/framework/zii/widgets/grid/CDataColumn.php(139): CDataColumn->evaluateExpression()
#10 /home/nghiaqh/workspace/yii/framework/zii/widgets/grid/CGridColumn.php(138): CDataColumn->renderDataCellContent()
#11 /home/nghiaqh/workspace/yii/framework/zii/widgets/grid/CGridView.php(517): CDataColumn->renderDataCell()
#12 /home/nghiaqh/workspace/yii/framework/zii/widgets/grid/CGridView.php(490): CGridView->renderTableRow()
#13 /home/nghiaqh/workspace/yii/framework/zii/widgets/grid/CGridView.php(400): CGridView->renderTableBody()
#14 /home/nghiaqh/workspace/yii/framework/zii/widgets/CBaseListView.php(158): CGridView->renderItems()
#15 unknown(0): CGridView->renderSection()
#16 /home/nghiaqh/workspace/yii/framework/zii/widgets/CBaseListView.php(141): preg_replace_callback()
#17 /home/nghiaqh/workspace/yii/framework/zii/widgets/CBaseListView.php(126): CGridView->renderContent()
#18 /home/nghiaqh/workspace/yii/framework/web/CBaseController.php(174): CGridView->run()
#19 /home/nghiaqh/workspace/iccu/protected/modules/rights/views/assignment/view.php(49): AssignmentController->widget()
#20 /home/nghiaqh/workspace/yii/framework/web/CBaseController.php(127): require()
#21 /home/nghiaqh/workspace/yii/framework/web/CBaseController.php(96): AssignmentController->renderInternal()
#22 /home/nghiaqh/workspace/yii/framework/web/CController.php(870): AssignmentController->renderFile()
#23 /home/nghiaqh/workspace/yii/framework/web/CController.php(783): AssignmentController->renderPartial()
#24 /home/nghiaqh/workspace/iccu/protected/modules/rights/controllers/AssignmentController.php(74): AssignmentController->render()
#25 /home/nghiaqh/workspace/yii/framework/web/actions/CInlineAction.php(50): AssignmentController->actionView()
#26 /home/nghiaqh/workspace/yii/framework/web/CController.php(309): CInlineAction->runWithParams()
#27 /home/nghiaqh/workspace/yii/framework/web/filters/CFilterChain.php(134): AssignmentController->runAction()
#28 /home/nghiaqh/workspace/yii/framework/web/filters/CFilter.php(41): CFilterChain->run()
#29 /home/nghiaqh/workspace/yii/framework/web/CController.php(1146): CAccessControlFilter->filter()
#30 /home/nghiaqh/workspace/yii/framework/web/filters/CInlineFilter.php(59): AssignmentController->filterAccessControl()
#31 /home/nghiaqh/workspace/yii/framework/web/filters/CFilterChain.php(131): CInlineFilter->filter()
#32 /home/nghiaqh/workspace/yii/framework/web/CController.php(292): CFilterChain->run()
#33 /home/nghiaqh/workspace/yii/framework/web/CController.php(266): AssignmentController->runActionWithFilters()
#34 /home/nghiaqh/workspace/yii/framework/web/CWebApplication.php(276): AssignmentController->run()
#35 /home/nghiaqh/workspace/yii/framework/web/CWebApplication.php(135): CWebApplication->runController()
#36 /home/nghiaqh/workspace/yii/framework/base/CApplication.php(162): CWebApplication->processRequest()
#37 /home/nghiaqh/workspace/iccu/index.php(13): CWebApplication->run()
REQUEST_URI=/iccu/index.php/rights
in /home/nghiaqh/workspace/iccu/protected/modules/rights/components/behaviors/RUserBehavior.php (32)
in /home/nghiaqh/workspace/iccu/protected/modules/rights/components/behaviors/RUserBehavior.php (32)
in /home/nghiaqh/workspace/iccu/protected/modules/rights/components/behaviors/RUserBehavior.php (54)
2012/04/28 11:33:32 [error] [php] Undefined property: Users::$id (/home/nghiaqh/workspace/iccu/protected/modules/rights/components/behaviors/RUserBehavior.php:32)
Stack trace:
#0 /home/nghiaqh/workspace/yii/framework/db/ar/CActiveRecord.php(144): Users->__get()
#1 /home/nghiaqh/workspace/iccu/protected/modules/rights/components/behaviors/RUserBehavior.php(32): Users->__get()
#2 /home/nghiaqh/workspace/iccu/protected/modules/rights/components/behaviors/RUserBehavior.php(54): RUserBehavior->getId()
#3 unknown(0): RUserBehavior->getAssignmentNameLink()
#4 /home/nghiaqh/workspace/yii/framework/base/CComponent.php(261): call_user_func_array()
#5 /home/nghiaqh/workspace/yii/framework/db/ar/CActiveRecord.php(226): Users->__call()
#6 unknown(0): Users->__call()
#7 /home/nghiaqh/workspace/yii/framework/base/CComponent.php(607) : eval()'d code(1): Users->getAssignmentNameLink()
#8 /home/nghiaqh/workspace/yii/framework/base/CComponent.php(607): eval()
#9 /home/nghiaqh/workspace/yii/framework/zii/widgets/grid/CDataColumn.php(139): CDataColumn->evaluateExpression()
#10 /home/nghiaqh/workspace/yii/framework/zii/widgets/grid/CGridColumn.php(138): CDataColumn->renderDataCellContent()
#11 /home/nghiaqh/workspace/yii/framework/zii/widgets/grid/CGridView.php(517): CDataColumn->renderDataCell()
#12 /home/nghiaqh/workspace/yii/framework/zii/widgets/grid/CGridView.php(490): CGridView->renderTableRow()
#13 /home/nghiaqh/workspace/yii/framework/zii/widgets/grid/CGridView.php(400): CGridView->renderTableBody()
#14 /home/nghiaqh/workspace/yii/framework/zii/widgets/CBaseListView.php(158): CGridView->renderItems()
#15 unknown(0): CGridView->renderSection()
#16 /home/nghiaqh/workspace/yii/framework/zii/widgets/CBaseListView.php(141): preg_replace_callback()
#17 /home/nghiaqh/workspace/yii/framework/zii/widgets/CBaseListView.php(126): CGridView->renderContent()
#18 /home/nghiaqh/workspace/yii/framework/web/CBaseController.php(174): CGridView->run()
#19 /home/nghiaqh/workspace/iccu/protected/modules/rights/views/assignment/view.php(49): AssignmentController->widget()
#20 /home/nghiaqh/workspace/yii/framework/web/CBaseController.php(127): require()
#21 /home/nghiaqh/workspace/yii/framework/web/CBaseController.php(96): AssignmentController->renderInternal()
#22 /home/nghiaqh/workspace/yii/framework/web/CController.php(870): AssignmentController->renderFile()
#23 /home/nghiaqh/workspace/yii/framework/web/CController.php(783): AssignmentController->renderPartial()
#24 /home/nghiaqh/workspace/iccu/protected/modules/rights/controllers/AssignmentController.php(74): AssignmentController->render()
#25 /home/nghiaqh/workspace/yii/framework/web/actions/CInlineAction.php(50): AssignmentController->actionView()
#26 /home/nghiaqh/workspace/yii/framework/web/CController.php(309): CInlineAction->runWithParams()
#27 /home/nghiaqh/workspace/yii/framework/web/filters/CFilterChain.php(134): AssignmentController->runAction()
#28 /home/nghiaqh/workspace/yii/framework/web/filters/CFilter.php(41): CFilterChain->run()
#29 /home/nghiaqh/workspace/yii/framework/web/CController.php(1146): CAccessControlFilter->filter()
#30 /home/nghiaqh/workspace/yii/framework/web/filters/CInlineFilter.php(59): AssignmentController->filterAccessControl()
#31 /home/nghiaqh/workspace/yii/framework/web/filters/CFilterChain.php(131): CInlineFilter->filter()
#32 /home/nghiaqh/workspace/yii/framework/web/CController.php(292): CFilterChain->run()
#33 /home/nghiaqh/workspace/yii/framework/web/CController.php(266): AssignmentController->runActionWithFilters()
#34 /home/nghiaqh/workspace/yii/framework/web/CWebApplication.php(276): AssignmentController->run()
#35 /home/nghiaqh/workspace/yii/framework/web/CWebApplication.php(135): CWebApplication->runController()
#36 /home/nghiaqh/workspace/yii/framework/base/CApplication.php(162): CWebApplication->processRequest()
#37 /home/nghiaqh/workspace/iccu/index.php(13): CWebApplication->run()
REQUEST_URI=/iccu/index.php/rights
in /home/nghiaqh/workspace/iccu/protected/modules/rights/components/behaviors/RUserBehavior.php (32)
in /home/nghiaqh/workspace/iccu/protected/modules/rights/components/behaviors/RUserBehavior.php (32)
in /home/nghiaqh/workspace/iccu/protected/modules/rights/components/behaviors/RUserBehavior.php (54)
2012/04/28 11:33:39 [error] [php] Undefined property: Users::$id (/home/nghiaqh/workspace/iccu/protected/modules/rights/components/behaviors/RUserBehavior.php:32)
Stack trace:
#0 /home/nghiaqh/workspace/yii/framework/db/ar/CActiveRecord.php(144): Users->__get()
#1 /home/nghiaqh/workspace/iccu/protected/modules/rights/components/behaviors/RUserBehavior.php(32): Users->__get()
#2 /home/nghiaqh/workspace/iccu/protected/modules/rights/components/behaviors/RUserBehavior.php(54): RUserBehavior->getId()
#3 unknown(0): RUserBehavior->getAssignmentNameLink()
#4 /home/nghiaqh/workspace/yii/framework/base/CComponent.php(261): call_user_func_array()
#5 /home/nghiaqh/workspace/yii/framework/db/ar/CActiveRecord.php(226): Users->__call()
#6 unknown(0): Users->__call()
#7 /home/nghiaqh/workspace/yii/framework/base/CComponent.php(607) : eval()'d code(1): Users->getAssignmentNameLink()
#8 /home/nghiaqh/workspace/yii/framework/base/CComponent.php(607): eval()
#9 /home/nghiaqh/workspace/yii/framework/zii/widgets/grid/CDataColumn.php(139): CDataColumn->evaluateExpression()
#10 /home/nghiaqh/workspace/yii/framework/zii/widgets/grid/CGridColumn.php(138): CDataColumn->renderDataCellContent()
#11 /home/nghiaqh/workspace/yii/framework/zii/widgets/grid/CGridView.php(517): CDataColumn->renderDataCell()
#12 /home/nghiaqh/workspace/yii/framework/zii/widgets/grid/CGridView.php(490): CGridView->renderTableRow()
#13 /home/nghiaqh/workspace/yii/framework/zii/widgets/grid/CGridView.php(400): CGridView->renderTableBody()
#14 /home/nghiaqh/workspace/yii/framework/zii/widgets/CBaseListView.php(158): CGridView->renderItems()
#15 unknown(0): CGridView->renderSection()
#16 /home/nghiaqh/workspace/yii/framework/zii/widgets/CBaseListView.php(141): preg_replace_callback()
#17 /home/nghiaqh/workspace/yii/framework/zii/widgets/CBaseListView.php(126): CGridView->renderContent()
#18 /home/nghiaqh/workspace/yii/framework/web/CBaseController.php(174): CGridView->run()
#19 /home/nghiaqh/workspace/iccu/protected/modules/rights/views/assignment/view.php(49): AssignmentController->widget()
#20 /home/nghiaqh/workspace/yii/framework/web/CBaseController.php(127): require()
#21 /home/nghiaqh/workspace/yii/framework/web/CBaseController.php(96): AssignmentController->renderInternal()
#22 /home/nghiaqh/workspace/yii/framework/web/CController.php(870): AssignmentController->renderFile()
#23 /home/nghiaqh/workspace/yii/framework/web/CController.php(783): AssignmentController->renderPartial()
#24 /home/nghiaqh/workspace/iccu/protected/modules/rights/controllers/AssignmentController.php(74): AssignmentController->render()
#25 /home/nghiaqh/workspace/yii/framework/web/actions/CInlineAction.php(50): AssignmentController->actionView()
#26 /home/nghiaqh/workspace/yii/framework/web/CController.php(309): CInlineAction->runWithParams()
#27 /home/nghiaqh/workspace/yii/framework/web/filters/CFilterChain.php(134): AssignmentController->runAction()
#28 /home/nghiaqh/workspace/yii/framework/web/filters/CFilter.php(41): CFilterChain->run()
#29 /home/nghiaqh/workspace/yii/framework/web/CController.php(1146): CAccessControlFilter->filter()
#30 /home/nghiaqh/workspace/yii/framework/web/filters/CInlineFilter.php(59): AssignmentController->filterAccessControl()
#31 /home/nghiaqh/workspace/yii/framework/web/filters/CFilterChain.php(131): CInlineFilter->filter()
#32 /home/nghiaqh/workspace/yii/framework/web/CController.php(292): CFilterChain->run()
#33 /home/nghiaqh/workspace/yii/framework/web/CController.php(266): AssignmentController->runActionWithFilters()
#34 /home/nghiaqh/workspace/yii/framework/web/CWebApplication.php(276): AssignmentController->run()
#35 /home/nghiaqh/workspace/yii/framework/web/CWebApplication.php(135): CWebApplication->runController()
#36 /home/nghiaqh/workspace/yii/framework/base/CApplication.php(162): CWebApplication->processRequest()
#37 /home/nghiaqh/workspace/iccu/index.php(13): CWebApplication->run()
REQUEST_URI=/iccu/index.php/rights
in /home/nghiaqh/workspace/iccu/protected/modules/rights/components/behaviors/RUserBehavior.php (32)
in /home/nghiaqh/workspace/iccu/protected/modules/rights/components/behaviors/RUserBehavior.php (32)
in /home/nghiaqh/workspace/iccu/protected/modules/rights/components/behaviors/RUserBehavior.php (54)
2012/04/28 11:37:31 [error] [php] Undefined property: Users::$id (/home/nghiaqh/workspace/iccu/protected/modules/rights/components/behaviors/RUserBehavior.php:32)
Stack trace:
#0 /home/nghiaqh/workspace/yii/framework/db/ar/CActiveRecord.php(144): Users->__get()
#1 /home/nghiaqh/workspace/iccu/protected/modules/rights/components/behaviors/RUserBehavior.php(32): Users->__get()
#2 /home/nghiaqh/workspace/iccu/protected/modules/rights/components/behaviors/RUserBehavior.php(54): RUserBehavior->getId()
#3 unknown(0): RUserBehavior->getAssignmentNameLink()
#4 /home/nghiaqh/workspace/yii/framework/base/CComponent.php(261): call_user_func_array()
#5 /home/nghiaqh/workspace/yii/framework/db/ar/CActiveRecord.php(226): Users->__call()
#6 unknown(0): Users->__call()
#7 /home/nghiaqh/workspace/yii/framework/base/CComponent.php(607) : eval()'d code(1): Users->getAssignmentNameLink()
#8 /home/nghiaqh/workspace/yii/framework/base/CComponent.php(607): eval()
#9 /home/nghiaqh/workspace/yii/framework/zii/widgets/grid/CDataColumn.php(139): CDataColumn->evaluateExpression()
#10 /home/nghiaqh/workspace/yii/framework/zii/widgets/grid/CGridColumn.php(138): CDataColumn->renderDataCellContent()
#11 /home/nghiaqh/workspace/yii/framework/zii/widgets/grid/CGridView.php(517): CDataColumn->renderDataCell()
#12 /home/nghiaqh/workspace/yii/framework/zii/widgets/grid/CGridView.php(490): CGridView->renderTableRow()
#13 /home/nghiaqh/workspace/yii/framework/zii/widgets/grid/CGridView.php(400): CGridView->renderTableBody()
#14 /home/nghiaqh/workspace/yii/framework/zii/widgets/CBaseListView.php(158): CGridView->renderItems()
#15 unknown(0): CGridView->renderSection()
#16 /home/nghiaqh/workspace/yii/framework/zii/widgets/CBaseListView.php(141): preg_replace_callback()
#17 /home/nghiaqh/workspace/yii/framework/zii/widgets/CBaseListView.php(126): CGridView->renderContent()
#18 /home/nghiaqh/workspace/yii/framework/web/CBaseController.php(174): CGridView->run()
#19 /home/nghiaqh/workspace/iccu/protected/modules/rights/views/assignment/view.php(49): AssignmentController->widget()
#20 /home/nghiaqh/workspace/yii/framework/web/CBaseController.php(127): require()
#21 /home/nghiaqh/workspace/yii/framework/web/CBaseController.php(96): AssignmentController->renderInternal()
#22 /home/nghiaqh/workspace/yii/framework/web/CController.php(870): AssignmentController->renderFile()
#23 /home/nghiaqh/workspace/yii/framework/web/CController.php(783): AssignmentController->renderPartial()
#24 /home/nghiaqh/workspace/iccu/protected/modules/rights/controllers/AssignmentController.php(74): AssignmentController->render()
#25 /home/nghiaqh/workspace/yii/framework/web/actions/CInlineAction.php(50): AssignmentController->actionView()
#26 /home/nghiaqh/workspace/yii/framework/web/CController.php(309): CInlineAction->runWithParams()
#27 /home/nghiaqh/workspace/yii/framework/web/filters/CFilterChain.php(134): AssignmentController->runAction()
#28 /home/nghiaqh/workspace/yii/framework/web/filters/CFilter.php(41): CFilterChain->run()
#29 /home/nghiaqh/workspace/yii/framework/web/CController.php(1146): CAccessControlFilter->filter()
#30 /home/nghiaqh/workspace/yii/framework/web/filters/CInlineFilter.php(59): AssignmentController->filterAccessControl()
#31 /home/nghiaqh/workspace/yii/framework/web/filters/CFilterChain.php(131): CInlineFilter->filter()
#32 /home/nghiaqh/workspace/yii/framework/web/CController.php(292): CFilterChain->run()
#33 /home/nghiaqh/workspace/yii/framework/web/CController.php(266): AssignmentController->runActionWithFilters()
#34 /home/nghiaqh/workspace/yii/framework/web/CWebApplication.php(276): AssignmentController->run()
#35 /home/nghiaqh/workspace/yii/framework/web/CWebApplication.php(135): CWebApplication->runController()
#36 /home/nghiaqh/workspace/yii/framework/base/CApplication.php(162): CWebApplication->processRequest()
#37 /home/nghiaqh/workspace/iccu/index.php(13): CWebApplication->run()
REQUEST_URI=/iccu/index.php/rights
in /home/nghiaqh/workspace/iccu/protected/modules/rights/components/behaviors/RUserBehavior.php (32)
in /home/nghiaqh/workspace/iccu/protected/modules/rights/components/behaviors/RUserBehavior.php (32)
in /home/nghiaqh/workspace/iccu/protected/modules/rights/components/behaviors/RUserBehavior.php (54)
2012/04/28 11:37:33 [error] [php] Undefined property: Users::$id (/home/nghiaqh/workspace/iccu/protected/modules/rights/components/behaviors/RUserBehavior.php:32)
Stack trace:
#0 /home/nghiaqh/workspace/yii/framework/db/ar/CActiveRecord.php(144): Users->__get()
#1 /home/nghiaqh/workspace/iccu/protected/modules/rights/components/behaviors/RUserBehavior.php(32): Users->__get()
#2 /home/nghiaqh/workspace/iccu/protected/modules/rights/components/behaviors/RUserBehavior.php(54): RUserBehavior->getId()
#3 unknown(0): RUserBehavior->getAssignmentNameLink()
#4 /home/nghiaqh/workspace/yii/framework/base/CComponent.php(261): call_user_func_array()
#5 /home/nghiaqh/workspace/yii/framework/db/ar/CActiveRecord.php(226): Users->__call()
#6 unknown(0): Users->__call()
#7 /home/nghiaqh/workspace/yii/framework/base/CComponent.php(607) : eval()'d code(1): Users->getAssignmentNameLink()
#8 /home/nghiaqh/workspace/yii/framework/base/CComponent.php(607): eval()
#9 /home/nghiaqh/workspace/yii/framework/zii/widgets/grid/CDataColumn.php(139): CDataColumn->evaluateExpression()
#10 /home/nghiaqh/workspace/yii/framework/zii/widgets/grid/CGridColumn.php(138): CDataColumn->renderDataCellContent()
#11 /home/nghiaqh/workspace/yii/framework/zii/widgets/grid/CGridView.php(517): CDataColumn->renderDataCell()
#12 /home/nghiaqh/workspace/yii/framework/zii/widgets/grid/CGridView.php(490): CGridView->renderTableRow()
#13 /home/nghiaqh/workspace/yii/framework/zii/widgets/grid/CGridView.php(400): CGridView->renderTableBody()
#14 /home/nghiaqh/workspace/yii/framework/zii/widgets/CBaseListView.php(158): CGridView->renderItems()
#15 unknown(0): CGridView->renderSection()
#16 /home/nghiaqh/workspace/yii/framework/zii/widgets/CBaseListView.php(141): preg_replace_callback()
#17 /home/nghiaqh/workspace/yii/framework/zii/widgets/CBaseListView.php(126): CGridView->renderContent()
#18 /home/nghiaqh/workspace/yii/framework/web/CBaseController.php(174): CGridView->run()
#19 /home/nghiaqh/workspace/iccu/protected/modules/rights/views/assignment/view.php(49): AssignmentController->widget()
#20 /home/nghiaqh/workspace/yii/framework/web/CBaseController.php(127): require()
#21 /home/nghiaqh/workspace/yii/framework/web/CBaseController.php(96): AssignmentController->renderInternal()
#22 /home/nghiaqh/workspace/yii/framework/web/CController.php(870): AssignmentController->renderFile()
#23 /home/nghiaqh/workspace/yii/framework/web/CController.php(783): AssignmentController->renderPartial()
#24 /home/nghiaqh/workspace/iccu/protected/modules/rights/controllers/AssignmentController.php(74): AssignmentController->render()
#25 /home/nghiaqh/workspace/yii/framework/web/actions/CInlineAction.php(50): AssignmentController->actionView()
#26 /home/nghiaqh/workspace/yii/framework/web/CController.php(309): CInlineAction->runWithParams()
#27 /home/nghiaqh/workspace/yii/framework/web/filters/CFilterChain.php(134): AssignmentController->runAction()
#28 /home/nghiaqh/workspace/yii/framework/web/filters/CFilter.php(41): CFilterChain->run()
#29 /home/nghiaqh/workspace/yii/framework/web/CController.php(1146): CAccessControlFilter->filter()
#30 /home/nghiaqh/workspace/yii/framework/web/filters/CInlineFilter.php(59): AssignmentController->filterAccessControl()
#31 /home/nghiaqh/workspace/yii/framework/web/filters/CFilterChain.php(131): CInlineFilter->filter()
#32 /home/nghiaqh/workspace/yii/framework/web/CController.php(292): CFilterChain->run()
#33 /home/nghiaqh/workspace/yii/framework/web/CController.php(266): AssignmentController->runActionWithFilters()
#34 /home/nghiaqh/workspace/yii/framework/web/CWebApplication.php(276): AssignmentController->run()
#35 /home/nghiaqh/workspace/yii/framework/web/CWebApplication.php(135): CWebApplication->runController()
#36 /home/nghiaqh/workspace/yii/framework/base/CApplication.php(162): CWebApplication->processRequest()
#37 /home/nghiaqh/workspace/iccu/index.php(13): CWebApplication->run()
REQUEST_URI=/iccu/index.php/rights
in /home/nghiaqh/workspace/iccu/protected/modules/rights/components/behaviors/RUserBehavior.php (32)
in /home/nghiaqh/workspace/iccu/protected/modules/rights/components/behaviors/RUserBehavior.php (32)
in /home/nghiaqh/workspace/iccu/protected/modules/rights/components/behaviors/RUserBehavior.php (54)
2012/04/28 11:58:49 [error] [php] Undefined property: Users::$id (/home/nghiaqh/workspace/iccu/protected/modules/rights/components/behaviors/RUserBehavior.php:32)
Stack trace:
#0 /home/nghiaqh/workspace/yii/framework/db/ar/CActiveRecord.php(144): Users->__get()
#1 /home/nghiaqh/workspace/iccu/protected/modules/rights/components/behaviors/RUserBehavior.php(32): Users->__get()
#2 /home/nghiaqh/workspace/iccu/protected/modules/rights/components/behaviors/RUserBehavior.php(54): RUserBehavior->getId()
#3 unknown(0): RUserBehavior->getAssignmentNameLink()
#4 /home/nghiaqh/workspace/yii/framework/base/CComponent.php(261): call_user_func_array()
#5 /home/nghiaqh/workspace/yii/framework/db/ar/CActiveRecord.php(226): Users->__call()
#6 unknown(0): Users->__call()
#7 /home/nghiaqh/workspace/yii/framework/base/CComponent.php(607) : eval()'d code(1): Users->getAssignmentNameLink()
#8 /home/nghiaqh/workspace/yii/framework/base/CComponent.php(607): eval()
#9 /home/nghiaqh/workspace/yii/framework/zii/widgets/grid/CDataColumn.php(139): CDataColumn->evaluateExpression()
#10 /home/nghiaqh/workspace/yii/framework/zii/widgets/grid/CGridColumn.php(138): CDataColumn->renderDataCellContent()
#11 /home/nghiaqh/workspace/yii/framework/zii/widgets/grid/CGridView.php(517): CDataColumn->renderDataCell()
#12 /home/nghiaqh/workspace/yii/framework/zii/widgets/grid/CGridView.php(490): CGridView->renderTableRow()
#13 /home/nghiaqh/workspace/yii/framework/zii/widgets/grid/CGridView.php(400): CGridView->renderTableBody()
#14 /home/nghiaqh/workspace/yii/framework/zii/widgets/CBaseListView.php(158): CGridView->renderItems()
#15 unknown(0): CGridView->renderSection()
#16 /home/nghiaqh/workspace/yii/framework/zii/widgets/CBaseListView.php(141): preg_replace_callback()
#17 /home/nghiaqh/workspace/yii/framework/zii/widgets/CBaseListView.php(126): CGridView->renderContent()
#18 /home/nghiaqh/workspace/yii/framework/web/CBaseController.php(174): CGridView->run()
#19 /home/nghiaqh/workspace/iccu/protected/modules/rights/views/assignment/view.php(49): AssignmentController->widget()
#20 /home/nghiaqh/workspace/yii/framework/web/CBaseController.php(127): require()
#21 /home/nghiaqh/workspace/yii/framework/web/CBaseController.php(96): AssignmentController->renderInternal()
#22 /home/nghiaqh/workspace/yii/framework/web/CController.php(870): AssignmentController->renderFile()
#23 /home/nghiaqh/workspace/yii/framework/web/CController.php(783): AssignmentController->renderPartial()
#24 /home/nghiaqh/workspace/iccu/protected/modules/rights/controllers/AssignmentController.php(74): AssignmentController->render()
#25 /home/nghiaqh/workspace/yii/framework/web/actions/CInlineAction.php(50): AssignmentController->actionView()
#26 /home/nghiaqh/workspace/yii/framework/web/CController.php(309): CInlineAction->runWithParams()
#27 /home/nghiaqh/workspace/yii/framework/web/filters/CFilterChain.php(134): AssignmentController->runAction()
#28 /home/nghiaqh/workspace/yii/framework/web/filters/CFilter.php(41): CFilterChain->run()
#29 /home/nghiaqh/workspace/yii/framework/web/CController.php(1146): CAccessControlFilter->filter()
#30 /home/nghiaqh/workspace/yii/framework/web/filters/CInlineFilter.php(59): AssignmentController->filterAccessControl()
#31 /home/nghiaqh/workspace/yii/framework/web/filters/CFilterChain.php(131): CInlineFilter->filter()
#32 /home/nghiaqh/workspace/yii/framework/web/CController.php(292): CFilterChain->run()
#33 /home/nghiaqh/workspace/yii/framework/web/CController.php(266): AssignmentController->runActionWithFilters()
#34 /home/nghiaqh/workspace/yii/framework/web/CWebApplication.php(276): AssignmentController->run()
#35 /home/nghiaqh/workspace/yii/framework/web/CWebApplication.php(135): CWebApplication->runController()
#36 /home/nghiaqh/workspace/yii/framework/base/CApplication.php(162): CWebApplication->processRequest()
#37 /home/nghiaqh/workspace/iccu/index.php(13): CWebApplication->run()
REQUEST_URI=/iccu/index.php/rights
in /home/nghiaqh/workspace/iccu/protected/modules/rights/components/behaviors/RUserBehavior.php (32)
in /home/nghiaqh/workspace/iccu/protected/modules/rights/components/behaviors/RUserBehavior.php (32)
in /home/nghiaqh/workspace/iccu/protected/modules/rights/components/behaviors/RUserBehavior.php (54)
2012/04/28 12:00:10 [error] [php] Undefined property: Users::$id (/home/nghiaqh/workspace/iccu/protected/modules/rights/components/behaviors/RUserBehavior.php:32)
Stack trace:
#0 /home/nghiaqh/workspace/yii/framework/db/ar/CActiveRecord.php(144): Users->__get()
#1 /home/nghiaqh/workspace/iccu/protected/modules/rights/components/behaviors/RUserBehavior.php(32): Users->__get()
#2 /home/nghiaqh/workspace/iccu/protected/modules/rights/components/behaviors/RUserBehavior.php(54): RUserBehavior->getId()
#3 unknown(0): RUserBehavior->getAssignmentNameLink()
#4 /home/nghiaqh/workspace/yii/framework/base/CComponent.php(261): call_user_func_array()
#5 /home/nghiaqh/workspace/yii/framework/db/ar/CActiveRecord.php(226): Users->__call()
#6 unknown(0): Users->__call()
#7 /home/nghiaqh/workspace/yii/framework/base/CComponent.php(607) : eval()'d code(1): Users->getAssignmentNameLink()
#8 /home/nghiaqh/workspace/yii/framework/base/CComponent.php(607): eval()
#9 /home/nghiaqh/workspace/yii/framework/zii/widgets/grid/CDataColumn.php(139): CDataColumn->evaluateExpression()
#10 /home/nghiaqh/workspace/yii/framework/zii/widgets/grid/CGridColumn.php(138): CDataColumn->renderDataCellContent()
#11 /home/nghiaqh/workspace/yii/framework/zii/widgets/grid/CGridView.php(517): CDataColumn->renderDataCell()
#12 /home/nghiaqh/workspace/yii/framework/zii/widgets/grid/CGridView.php(490): CGridView->renderTableRow()
#13 /home/nghiaqh/workspace/yii/framework/zii/widgets/grid/CGridView.php(400): CGridView->renderTableBody()
#14 /home/nghiaqh/workspace/yii/framework/zii/widgets/CBaseListView.php(158): CGridView->renderItems()
#15 unknown(0): CGridView->renderSection()
#16 /home/nghiaqh/workspace/yii/framework/zii/widgets/CBaseListView.php(141): preg_replace_callback()
#17 /home/nghiaqh/workspace/yii/framework/zii/widgets/CBaseListView.php(126): CGridView->renderContent()
#18 /home/nghiaqh/workspace/yii/framework/web/CBaseController.php(174): CGridView->run()
#19 /home/nghiaqh/workspace/iccu/protected/modules/rights/views/assignment/view.php(49): AssignmentController->widget()
#20 /home/nghiaqh/workspace/yii/framework/web/CBaseController.php(127): require()
#21 /home/nghiaqh/workspace/yii/framework/web/CBaseController.php(96): AssignmentController->renderInternal()
#22 /home/nghiaqh/workspace/yii/framework/web/CController.php(870): AssignmentController->renderFile()
#23 /home/nghiaqh/workspace/yii/framework/web/CController.php(783): AssignmentController->renderPartial()
#24 /home/nghiaqh/workspace/iccu/protected/modules/rights/controllers/AssignmentController.php(74): AssignmentController->render()
#25 /home/nghiaqh/workspace/yii/framework/web/actions/CInlineAction.php(50): AssignmentController->actionView()
#26 /home/nghiaqh/workspace/yii/framework/web/CController.php(309): CInlineAction->runWithParams()
#27 /home/nghiaqh/workspace/yii/framework/web/filters/CFilterChain.php(134): AssignmentController->runAction()
#28 /home/nghiaqh/workspace/yii/framework/web/filters/CFilter.php(41): CFilterChain->run()
#29 /home/nghiaqh/workspace/yii/framework/web/CController.php(1146): CAccessControlFilter->filter()
#30 /home/nghiaqh/workspace/yii/framework/web/filters/CInlineFilter.php(59): AssignmentController->filterAccessControl()
#31 /home/nghiaqh/workspace/yii/framework/web/filters/CFilterChain.php(131): CInlineFilter->filter()
#32 /home/nghiaqh/workspace/yii/framework/web/CController.php(292): CFilterChain->run()
#33 /home/nghiaqh/workspace/yii/framework/web/CController.php(266): AssignmentController->runActionWithFilters()
#34 /home/nghiaqh/workspace/yii/framework/web/CWebApplication.php(276): AssignmentController->run()
#35 /home/nghiaqh/workspace/yii/framework/web/CWebApplication.php(135): CWebApplication->runController()
#36 /home/nghiaqh/workspace/yii/framework/base/CApplication.php(162): CWebApplication->processRequest()
#37 /home/nghiaqh/workspace/iccu/index.php(13): CWebApplication->run()
REQUEST_URI=/iccu/index.php/rights
in /home/nghiaqh/workspace/iccu/protected/modules/rights/components/behaviors/RUserBehavior.php (32)
in /home/nghiaqh/workspace/iccu/protected/modules/rights/components/behaviors/RUserBehavior.php (32)
in /home/nghiaqh/workspace/iccu/protected/modules/rights/components/behaviors/RUserBehavior.php (54)
2012/04/28 12:00:12 [error] [php] Undefined property: Users::$id (/home/nghiaqh/workspace/iccu/protected/modules/rights/components/behaviors/RUserBehavior.php:32)
Stack trace:
#0 /home/nghiaqh/workspace/yii/framework/db/ar/CActiveRecord.php(144): Users->__get()
#1 /home/nghiaqh/workspace/iccu/protected/modules/rights/components/behaviors/RUserBehavior.php(32): Users->__get()
#2 /home/nghiaqh/workspace/iccu/protected/modules/rights/components/behaviors/RUserBehavior.php(54): RUserBehavior->getId()
#3 unknown(0): RUserBehavior->getAssignmentNameLink()
#4 /home/nghiaqh/workspace/yii/framework/base/CComponent.php(261): call_user_func_array()
#5 /home/nghiaqh/workspace/yii/framework/db/ar/CActiveRecord.php(226): Users->__call()
#6 unknown(0): Users->__call()
#7 /home/nghiaqh/workspace/yii/framework/base/CComponent.php(607) : eval()'d code(1): Users->getAssignmentNameLink()
#8 /home/nghiaqh/workspace/yii/framework/base/CComponent.php(607): eval()
#9 /home/nghiaqh/workspace/yii/framework/zii/widgets/grid/CDataColumn.php(139): CDataColumn->evaluateExpression()
#10 /home/nghiaqh/workspace/yii/framework/zii/widgets/grid/CGridColumn.php(138): CDataColumn->renderDataCellContent()
#11 /home/nghiaqh/workspace/yii/framework/zii/widgets/grid/CGridView.php(517): CDataColumn->renderDataCell()
#12 /home/nghiaqh/workspace/yii/framework/zii/widgets/grid/CGridView.php(490): CGridView->renderTableRow()
#13 /home/nghiaqh/workspace/yii/framework/zii/widgets/grid/CGridView.php(400): CGridView->renderTableBody()
#14 /home/nghiaqh/workspace/yii/framework/zii/widgets/CBaseListView.php(158): CGridView->renderItems()
#15 unknown(0): CGridView->renderSection()
#16 /home/nghiaqh/workspace/yii/framework/zii/widgets/CBaseListView.php(141): preg_replace_callback()
#17 /home/nghiaqh/workspace/yii/framework/zii/widgets/CBaseListView.php(126): CGridView->renderContent()
#18 /home/nghiaqh/workspace/yii/framework/web/CBaseController.php(174): CGridView->run()
#19 /home/nghiaqh/workspace/iccu/protected/modules/rights/views/assignment/view.php(49): AssignmentController->widget()
#20 /home/nghiaqh/workspace/yii/framework/web/CBaseController.php(127): require()
#21 /home/nghiaqh/workspace/yii/framework/web/CBaseController.php(96): AssignmentController->renderInternal()
#22 /home/nghiaqh/workspace/yii/framework/web/CController.php(870): AssignmentController->renderFile()
#23 /home/nghiaqh/workspace/yii/framework/web/CController.php(783): AssignmentController->renderPartial()
#24 /home/nghiaqh/workspace/iccu/protected/modules/rights/controllers/AssignmentController.php(74): AssignmentController->render()
#25 /home/nghiaqh/workspace/yii/framework/web/actions/CInlineAction.php(50): AssignmentController->actionView()
#26 /home/nghiaqh/workspace/yii/framework/web/CController.php(309): CInlineAction->runWithParams()
#27 /home/nghiaqh/workspace/yii/framework/web/filters/CFilterChain.php(134): AssignmentController->runAction()
#28 /home/nghiaqh/workspace/yii/framework/web/filters/CFilter.php(41): CFilterChain->run()
#29 /home/nghiaqh/workspace/yii/framework/web/CController.php(1146): CAccessControlFilter->filter()
#30 /home/nghiaqh/workspace/yii/framework/web/filters/CInlineFilter.php(59): AssignmentController->filterAccessControl()
#31 /home/nghiaqh/workspace/yii/framework/web/filters/CFilterChain.php(131): CInlineFilter->filter()
#32 /home/nghiaqh/workspace/yii/framework/web/CController.php(292): CFilterChain->run()
#33 /home/nghiaqh/workspace/yii/framework/web/CController.php(266): AssignmentController->runActionWithFilters()
#34 /home/nghiaqh/workspace/yii/framework/web/CWebApplication.php(276): AssignmentController->run()
#35 /home/nghiaqh/workspace/yii/framework/web/CWebApplication.php(135): CWebApplication->runController()
#36 /home/nghiaqh/workspace/yii/framework/base/CApplication.php(162): CWebApplication->processRequest()
#37 /home/nghiaqh/workspace/iccu/index.php(13): CWebApplication->run()
REQUEST_URI=/iccu/index.php/rights
in /home/nghiaqh/workspace/iccu/protected/modules/rights/components/behaviors/RUserBehavior.php (32)
in /home/nghiaqh/workspace/iccu/protected/modules/rights/components/behaviors/RUserBehavior.php (32)
in /home/nghiaqh/workspace/iccu/protected/modules/rights/components/behaviors/RUserBehavior.php (54)
2012/04/28 12:15:21 [error] [exception.CException] exception 'CException' with message 'CAssetManager.basePath "/home/nghiaqh/workspace/iccu/assets" is invalid. Please make sure the directory exists and is writable by the Web server process.' in /home/nghiaqh/workspace/yii/framework/web/CAssetManager.php:116
Stack trace:
#0 /home/nghiaqh/workspace/yii/framework/web/CAssetManager.php(101): CAssetManager->setBasePath('/home/nghiaqh/w...')
#1 /home/nghiaqh/workspace/yii/framework/web/CAssetManager.php(219): CAssetManager->getBasePath()
#2 /home/nghiaqh/workspace/yii/framework/web/CClientScript.php(449): CAssetManager->publish('/home/nghiaqh/w...')
#3 /home/nghiaqh/workspace/yii/framework/web/CClientScript.php(486): CClientScript->getCoreScriptUrl()
#4 /home/nghiaqh/workspace/yii/framework/web/CClientScript.php(302): CClientScript->getPackageBaseUrl('jquery')
#5 /home/nghiaqh/workspace/yii/framework/web/CClientScript.php(195): CClientScript->renderCoreScripts()
#6 /home/nghiaqh/workspace/yii/framework/web/CController.php(352): CClientScript->render('<!DOCTYPE html ...')
#7 /home/nghiaqh/workspace/yii/framework/web/CController.php(789): CController->processOutput('<!DOCTYPE html ...')
#8 /home/nghiaqh/workspace/iccu/protected/controllers/SiteController.php(66): CController->render('contact', Array)
#9 /home/nghiaqh/workspace/yii/framework/web/actions/CInlineAction.php(50): SiteController->actionContact()
#10 /home/nghiaqh/workspace/yii/framework/web/CController.php(309): CInlineAction->runWithParams(Array)
#11 /home/nghiaqh/workspace/yii/framework/web/CController.php(287): CController->runAction(Object(CInlineAction))
#12 /home/nghiaqh/workspace/yii/framework/web/CController.php(266): CController->runActionWithFilters(Object(CInlineAction), Array)
#13 /home/nghiaqh/workspace/yii/framework/web/CWebApplication.php(276): CController->run('contact')
#14 /home/nghiaqh/workspace/yii/framework/web/CWebApplication.php(135): CWebApplication->runController('site/contact')
#15 /home/nghiaqh/workspace/yii/framework/base/CApplication.php(162): CWebApplication->processRequest()
#16 /home/nghiaqh/workspace/iccu/index.php(13): CApplication->run()
#17 {main}
REQUEST_URI=/iccu/index.php/site/contact
HTTP_REFERER=http://localhost/iccu/index.php/site/page?view=about
---
2012/04/28 12:15:37 [error] [exception.CException] exception 'CException' with message 'CAssetManager.basePath "/home/nghiaqh/workspace/iccu/assets" is invalid. Please make sure the directory exists and is writable by the Web server process.' in /home/nghiaqh/workspace/yii/framework/web/CAssetManager.php:116
Stack trace:
#0 /home/nghiaqh/workspace/yii/framework/web/CAssetManager.php(101): CAssetManager->setBasePath('/home/nghiaqh/w...')
#1 /home/nghiaqh/workspace/yii/framework/web/CAssetManager.php(219): CAssetManager->getBasePath()
#2 /home/nghiaqh/workspace/yii/framework/web/CClientScript.php(449): CAssetManager->publish('/home/nghiaqh/w...')
#3 /home/nghiaqh/workspace/yii/framework/web/CClientScript.php(486): CClientScript->getCoreScriptUrl()
#4 /home/nghiaqh/workspace/yii/framework/web/CClientScript.php(302): CClientScript->getPackageBaseUrl('jquery')
#5 /home/nghiaqh/workspace/yii/framework/web/CClientScript.php(195): CClientScript->renderCoreScripts()
#6 /home/nghiaqh/workspace/yii/framework/web/CController.php(352): CClientScript->render('<!DOCTYPE html ...')
#7 /home/nghiaqh/workspace/yii/framework/web/CController.php(789): CController->processOutput('<!DOCTYPE html ...')
#8 /home/nghiaqh/workspace/iccu/protected/controllers/SiteController.php(66): CController->render('contact', Array)
#9 /home/nghiaqh/workspace/yii/framework/web/actions/CInlineAction.php(50): SiteController->actionContact()
#10 /home/nghiaqh/workspace/yii/framework/web/CController.php(309): CInlineAction->runWithParams(Array)
#11 /home/nghiaqh/workspace/yii/framework/web/CController.php(287): CController->runAction(Object(CInlineAction))
#12 /home/nghiaqh/workspace/yii/framework/web/CController.php(266): CController->runActionWithFilters(Object(CInlineAction), Array)
#13 /home/nghiaqh/workspace/yii/framework/web/CWebApplication.php(276): CController->run('contact')
#14 /home/nghiaqh/workspace/yii/framework/web/CWebApplication.php(135): CWebApplication->runController('site/contact')
#15 /home/nghiaqh/workspace/yii/framework/base/CApplication.php(162): CWebApplication->processRequest()
#16 /home/nghiaqh/workspace/iccu/index.php(13): CApplication->run()
#17 {main}
REQUEST_URI=/iccu/index.php/site/contact
HTTP_REFERER=http://localhost/iccu/index.php/site/page?view=about
---
